<?xml version="1.0" encoding="UTF-8"?>
<testsuite xmlns:xsi="http://www.w3.org/2001/XMLSchema-instance" xsi:noNamespaceSchemaLocation="https://maven.apache.org/surefire/maven-surefire-plugin/xsd/surefire-test-report-3.0.xsd" version="3.0" name="com.icai.practicas.controller.ProcessControllerE2ETest" time="0.535" tests="4" errors="0" skipped="0" failures="0">
  <properties>
    <property name="java.specification.version" value="17"/>
    <property name="sun.jnu.encoding" value="UTF-8"/>
    <property name="java.class.path" value="/Users/sergiocuencanunez/Documents/ICAI/3º GITT+BA/Asignaturas/2º Cuatrimestre/PAT | Programación de Aplicaciones Telemáticas/Prácticas/Práctica 6/target/test-classes:/Users/sergiocuencanunez/Documents/ICAI/3º GITT+BA/Asignaturas/2º Cuatrimestre/PAT | Programación de Aplicaciones Telemáticas/Prácticas/Práctica 6/target/classes:/Users/sergiocuencanunez/.m2/repository/org/springframework/boot/spring-boot-starter-web/2.6.4/spring-boot-starter-web-2.6.4.jar:/Users/sergiocuencanunez/.m2/repository/org/springframework/boot/spring-boot-starter/2.6.4/spring-boot-starter-2.6.4.jar:/Users/sergiocuencanunez/.m2/repository/org/springframework/boot/spring-boot-starter-logging/2.6.4/spring-boot-starter-logging-2.6.4.jar:/Users/sergiocuencanunez/.m2/repository/ch/qos/logback/logback-classic/1.2.10/logback-classic-1.2.10.jar:/Users/sergiocuencanunez/.m2/repository/ch/qos/logback/logback-core/1.2.10/logback-core-1.2.10.jar:/Users/sergiocuencanunez/.m2/repository/org/apache/logging/log4j/log4j-to-slf4j/2.17.1/log4j-to-slf4j-2.17.1.jar:/Users/sergiocuencanunez/.m2/repository/org/apache/logging/log4j/log4j-api/2.17.1/log4j-api-2.17.1.jar:/Users/sergiocuencanunez/.m2/repository/org/slf4j/jul-to-slf4j/1.7.36/jul-to-slf4j-1.7.36.jar:/Users/sergiocuencanunez/.m2/repository/jakarta/annotation/jakarta.annotation-api/1.3.5/jakarta.annotation-api-1.3.5.jar:/Users/sergiocuencanunez/.m2/repository/org/yaml/snakeyaml/1.29/snakeyaml-1.29.jar:/Users/sergiocuencanunez/.m2/repository/org/springframework/boot/spring-boot-starter-json/2.6.4/spring-boot-starter-json-2.6.4.jar:/Users/sergiocuencanunez/.m2/repository/com/fasterxml/jackson/core/jackson-databind/2.13.1/jackson-databind-2.13.1.jar:/Users/sergiocuencanunez/.m2/repository/com/fasterxml/jackson/core/jackson-annotations/2.13.1/jackson-annotations-2.13.1.jar:/Users/sergiocuencanunez/.m2/repository/com/fasterxml/jackson/core/jackson-core/2.13.1/jackson-core-2.13.1.jar:/Users/sergiocuencanunez/.m2/repository/com/fasterxml/jackson/datatype/jackson-datatype-jdk8/2.13.1/jackson-datatype-jdk8-2.13.1.jar:/Users/sergiocuencanunez/.m2/repository/com/fasterxml/jackson/datatype/jackson-datatype-jsr310/2.13.1/jackson-datatype-jsr310-2.13.1.jar:/Users/sergiocuencanunez/.m2/repository/com/fasterxml/jackson/module/jackson-module-parameter-names/2.13.1/jackson-module-parameter-names-2.13.1.jar:/Users/sergiocuencanunez/.m2/repository/org/springframework/boot/spring-boot-starter-tomcat/2.6.4/spring-boot-starter-tomcat-2.6.4.jar:/Users/sergiocuencanunez/.m2/repository/org/apache/tomcat/embed/tomcat-embed-core/9.0.58/tomcat-embed-core-9.0.58.jar:/Users/sergiocuencanunez/.m2/repository/org/apache/tomcat/embed/tomcat-embed-websocket/9.0.58/tomcat-embed-websocket-9.0.58.jar:/Users/sergiocuencanunez/.m2/repository/org/springframework/spring-web/5.3.16/spring-web-5.3.16.jar:/Users/sergiocuencanunez/.m2/repository/org/springframework/spring-beans/5.3.16/spring-beans-5.3.16.jar:/Users/sergiocuencanunez/.m2/repository/org/springframework/spring-webmvc/5.3.16/spring-webmvc-5.3.16.jar:/Users/sergiocuencanunez/.m2/repository/org/springframework/spring-aop/5.3.16/spring-aop-5.3.16.jar:/Users/sergiocuencanunez/.m2/repository/org/springframework/spring-context/5.3.16/spring-context-5.3.16.jar:/Users/sergiocuencanunez/.m2/repository/org/springframework/spring-expression/5.3.16/spring-expression-5.3.16.jar:/Users/sergiocuencanunez/.m2/repository/org/springframework/boot/spring-boot-starter-validation/2.6.4/spring-boot-starter-validation-2.6.4.jar:/Users/sergiocuencanunez/.m2/repository/org/apache/tomcat/embed/tomcat-embed-el/9.0.58/tomcat-embed-el-9.0.58.jar:/Users/sergiocuencanunez/.m2/repository/org/hibernate/validator/hibernate-validator/6.2.2.Final/hibernate-validator-6.2.2.Final.jar:/Users/sergiocuencanunez/.m2/repository/jakarta/validation/jakarta.validation-api/2.0.2/jakarta.validation-api-2.0.2.jar:/Users/sergiocuencanunez/.m2/repository/org/jboss/logging/jboss-logging/3.4.3.Final/jboss-logging-3.4.3.Final.jar:/Users/sergiocuencanunez/.m2/repository/com/fasterxml/classmate/1.5.1/classmate-1.5.1.jar:/Users/sergiocuencanunez/.m2/repository/org/springframework/boot/spring-boot-devtools/2.6.4/spring-boot-devtools-2.6.4.jar:/Users/sergiocuencanunez/.m2/repository/org/springframework/boot/spring-boot/2.6.4/spring-boot-2.6.4.jar:/Users/sergiocuencanunez/.m2/repository/org/springframework/boot/spring-boot-autoconfigure/2.6.4/spring-boot-autoconfigure-2.6.4.jar:/Users/sergiocuencanunez/.m2/repository/org/springframework/boot/spring-boot-starter-test/2.6.4/spring-boot-starter-test-2.6.4.jar:/Users/sergiocuencanunez/.m2/repository/org/springframework/boot/spring-boot-test/2.6.4/spring-boot-test-2.6.4.jar:/Users/sergiocuencanunez/.m2/repository/org/springframework/boot/spring-boot-test-autoconfigure/2.6.4/spring-boot-test-autoconfigure-2.6.4.jar:/Users/sergiocuencanunez/.m2/repository/com/jayway/jsonpath/json-path/2.6.0/json-path-2.6.0.jar:/Users/sergiocuencanunez/.m2/repository/net/minidev/json-smart/2.4.8/json-smart-2.4.8.jar:/Users/sergiocuencanunez/.m2/repository/net/minidev/accessors-smart/2.4.8/accessors-smart-2.4.8.jar:/Users/sergiocuencanunez/.m2/repository/org/ow2/asm/asm/9.1/asm-9.1.jar:/Users/sergiocuencanunez/.m2/repository/org/slf4j/slf4j-api/1.7.36/slf4j-api-1.7.36.jar:/Users/sergiocuencanunez/.m2/repository/jakarta/xml/bind/jakarta.xml.bind-api/2.3.3/jakarta.xml.bind-api-2.3.3.jar:/Users/sergiocuencanunez/.m2/repository/jakarta/activation/jakarta.activation-api/1.2.2/jakarta.activation-api-1.2.2.jar:/Users/sergiocuencanunez/.m2/repository/org/assertj/assertj-core/3.21.0/assertj-core-3.21.0.jar:/Users/sergiocuencanunez/.m2/repository/org/hamcrest/hamcrest/2.2/hamcrest-2.2.jar:/Users/sergiocuencanunez/.m2/repository/org/junit/jupiter/junit-jupiter/5.8.2/junit-jupiter-5.8.2.jar:/Users/sergiocuencanunez/.m2/repository/org/junit/jupiter/junit-jupiter-api/5.8.2/junit-jupiter-api-5.8.2.jar:/Users/sergiocuencanunez/.m2/repository/org/opentest4j/opentest4j/1.2.0/opentest4j-1.2.0.jar:/Users/sergiocuencanunez/.m2/repository/org/junit/platform/junit-platform-commons/1.8.2/junit-platform-commons-1.8.2.jar:/Users/sergiocuencanunez/.m2/repository/org/apiguardian/apiguardian-api/1.1.2/apiguardian-api-1.1.2.jar:/Users/sergiocuencanunez/.m2/repository/org/junit/jupiter/junit-jupiter-params/5.8.2/junit-jupiter-params-5.8.2.jar:/Users/sergiocuencanunez/.m2/repository/org/junit/jupiter/junit-jupiter-engine/5.8.2/junit-jupiter-engine-5.8.2.jar:/Users/sergiocuencanunez/.m2/repository/org/junit/platform/junit-platform-engine/1.8.2/junit-platform-engine-1.8.2.jar:/Users/sergiocuencanunez/.m2/repository/org/mockito/mockito-core/4.0.0/mockito-core-4.0.0.jar:/Users/sergiocuencanunez/.m2/repository/net/bytebuddy/byte-buddy/1.11.22/byte-buddy-1.11.22.jar:/Users/sergiocuencanunez/.m2/repository/net/bytebuddy/byte-buddy-agent/1.11.22/byte-buddy-agent-1.11.22.jar:/Users/sergiocuencanunez/.m2/repository/org/objenesis/objenesis/3.2/objenesis-3.2.jar:/Users/sergiocuencanunez/.m2/repository/org/mockito/mockito-junit-jupiter/4.0.0/mockito-junit-jupiter-4.0.0.jar:/Users/sergiocuencanunez/.m2/repository/org/skyscreamer/jsonassert/1.5.0/jsonassert-1.5.0.jar:/Users/sergiocuencanunez/.m2/repository/com/vaadin/external/google/android-json/0.0.20131108.vaadin1/android-json-0.0.20131108.vaadin1.jar:/Users/sergiocuencanunez/.m2/repository/org/springframework/spring-core/5.3.16/spring-core-5.3.16.jar:/Users/sergiocuencanunez/.m2/repository/org/springframework/spring-jcl/5.3.16/spring-jcl-5.3.16.jar:/Users/sergiocuencanunez/.m2/repository/org/springframework/spring-test/5.3.16/spring-test-5.3.16.jar:/Users/sergiocuencanunez/.m2/repository/org/xmlunit/xmlunit-core/2.8.4/xmlunit-core-2.8.4.jar:"/>
    <property name="java.vm.vendor" value="Oracle Corporation"/>
    <property name="sun.arch.data.model" value="64"/>
    <property name="java.vendor.url" value="https://java.oracle.com/"/>
    <property name="catalina.useNaming" value="false"/>
    <property name="user.timezone" value="Europe/Madrid"/>
    <property name="os.name" value="Mac OS X"/>
    <property name="java.vm.specification.version" value="17"/>
    <property name="sun.java.launcher" value="SUN_STANDARD"/>
    <property name="user.country" value="ES"/>
    <property name="sun.boot.library.path" value="/Library/Java/JavaVirtualMachines/jdk-17.0.2.jdk/Contents/Home/lib"/>
    <property name="sun.java.command" value="/Users/sergiocuencanunez/Documents/ICAI/3º GITT+BA/Asignaturas/2º Cuatrimestre/PAT | Programación de Aplicaciones Telemáticas/Prácticas/Práctica 6/target/surefire/surefirebooter1955879181458251741.jar /Users/sergiocuencanunez/Documents/ICAI/3º GITT+BA/Asignaturas/2º Cuatrimestre/PAT | Programación de Aplicaciones Telemáticas/Prácticas/Práctica 6/target/surefire 2022-04-02T15-33-27_564-jvmRun1 surefire10634472354379108941tmp surefire_06503412382944349963tmp"/>
    <property name="http.nonProxyHosts" value="local|*.local|169.254/16|*.169.254/16"/>
    <property name="jdk.debug" value="release"/>
    <property name="surefire.test.class.path" value="/Users/sergiocuencanunez/Documents/ICAI/3º GITT+BA/Asignaturas/2º Cuatrimestre/PAT | Programación de Aplicaciones Telemáticas/Prácticas/Práctica 6/target/test-classes:/Users/sergiocuencanunez/Documents/ICAI/3º GITT+BA/Asignaturas/2º Cuatrimestre/PAT | Programación de Aplicaciones Telemáticas/Prácticas/Práctica 6/target/classes:/Users/sergiocuencanunez/.m2/repository/org/springframework/boot/spring-boot-starter-web/2.6.4/spring-boot-starter-web-2.6.4.jar:/Users/sergiocuencanunez/.m2/repository/org/springframework/boot/spring-boot-starter/2.6.4/spring-boot-starter-2.6.4.jar:/Users/sergiocuencanunez/.m2/repository/org/springframework/boot/spring-boot-starter-logging/2.6.4/spring-boot-starter-logging-2.6.4.jar:/Users/sergiocuencanunez/.m2/repository/ch/qos/logback/logback-classic/1.2.10/logback-classic-1.2.10.jar:/Users/sergiocuencanunez/.m2/repository/ch/qos/logback/logback-core/1.2.10/logback-core-1.2.10.jar:/Users/sergiocuencanunez/.m2/repository/org/apache/logging/log4j/log4j-to-slf4j/2.17.1/log4j-to-slf4j-2.17.1.jar:/Users/sergiocuencanunez/.m2/repository/org/apache/logging/log4j/log4j-api/2.17.1/log4j-api-2.17.1.jar:/Users/sergiocuencanunez/.m2/repository/org/slf4j/jul-to-slf4j/1.7.36/jul-to-slf4j-1.7.36.jar:/Users/sergiocuencanunez/.m2/repository/jakarta/annotation/jakarta.annotation-api/1.3.5/jakarta.annotation-api-1.3.5.jar:/Users/sergiocuencanunez/.m2/repository/org/yaml/snakeyaml/1.29/snakeyaml-1.29.jar:/Users/sergiocuencanunez/.m2/repository/org/springframework/boot/spring-boot-starter-json/2.6.4/spring-boot-starter-json-2.6.4.jar:/Users/sergiocuencanunez/.m2/repository/com/fasterxml/jackson/core/jackson-databind/2.13.1/jackson-databind-2.13.1.jar:/Users/sergiocuencanunez/.m2/repository/com/fasterxml/jackson/core/jackson-annotations/2.13.1/jackson-annotations-2.13.1.jar:/Users/sergiocuencanunez/.m2/repository/com/fasterxml/jackson/core/jackson-core/2.13.1/jackson-core-2.13.1.jar:/Users/sergiocuencanunez/.m2/repository/com/fasterxml/jackson/datatype/jackson-datatype-jdk8/2.13.1/jackson-datatype-jdk8-2.13.1.jar:/Users/sergiocuencanunez/.m2/repository/com/fasterxml/jackson/datatype/jackson-datatype-jsr310/2.13.1/jackson-datatype-jsr310-2.13.1.jar:/Users/sergiocuencanunez/.m2/repository/com/fasterxml/jackson/module/jackson-module-parameter-names/2.13.1/jackson-module-parameter-names-2.13.1.jar:/Users/sergiocuencanunez/.m2/repository/org/springframework/boot/spring-boot-starter-tomcat/2.6.4/spring-boot-starter-tomcat-2.6.4.jar:/Users/sergiocuencanunez/.m2/repository/org/apache/tomcat/embed/tomcat-embed-core/9.0.58/tomcat-embed-core-9.0.58.jar:/Users/sergiocuencanunez/.m2/repository/org/apache/tomcat/embed/tomcat-embed-websocket/9.0.58/tomcat-embed-websocket-9.0.58.jar:/Users/sergiocuencanunez/.m2/repository/org/springframework/spring-web/5.3.16/spring-web-5.3.16.jar:/Users/sergiocuencanunez/.m2/repository/org/springframework/spring-beans/5.3.16/spring-beans-5.3.16.jar:/Users/sergiocuencanunez/.m2/repository/org/springframework/spring-webmvc/5.3.16/spring-webmvc-5.3.16.jar:/Users/sergiocuencanunez/.m2/repository/org/springframework/spring-aop/5.3.16/spring-aop-5.3.16.jar:/Users/sergiocuencanunez/.m2/repository/org/springframework/spring-context/5.3.16/spring-context-5.3.16.jar:/Users/sergiocuencanunez/.m2/repository/org/springframework/spring-expression/5.3.16/spring-expression-5.3.16.jar:/Users/sergiocuencanunez/.m2/repository/org/springframework/boot/spring-boot-starter-validation/2.6.4/spring-boot-starter-validation-2.6.4.jar:/Users/sergiocuencanunez/.m2/repository/org/apache/tomcat/embed/tomcat-embed-el/9.0.58/tomcat-embed-el-9.0.58.jar:/Users/sergiocuencanunez/.m2/repository/org/hibernate/validator/hibernate-validator/6.2.2.Final/hibernate-validator-6.2.2.Final.jar:/Users/sergiocuencanunez/.m2/repository/jakarta/validation/jakarta.validation-api/2.0.2/jakarta.validation-api-2.0.2.jar:/Users/sergiocuencanunez/.m2/repository/org/jboss/logging/jboss-logging/3.4.3.Final/jboss-logging-3.4.3.Final.jar:/Users/sergiocuencanunez/.m2/repository/com/fasterxml/classmate/1.5.1/classmate-1.5.1.jar:/Users/sergiocuencanunez/.m2/repository/org/springframework/boot/spring-boot-devtools/2.6.4/spring-boot-devtools-2.6.4.jar:/Users/sergiocuencanunez/.m2/repository/org/springframework/boot/spring-boot/2.6.4/spring-boot-2.6.4.jar:/Users/sergiocuencanunez/.m2/repository/org/springframework/boot/spring-boot-autoconfigure/2.6.4/spring-boot-autoconfigure-2.6.4.jar:/Users/sergiocuencanunez/.m2/repository/org/springframework/boot/spring-boot-starter-test/2.6.4/spring-boot-starter-test-2.6.4.jar:/Users/sergiocuencanunez/.m2/repository/org/springframework/boot/spring-boot-test/2.6.4/spring-boot-test-2.6.4.jar:/Users/sergiocuencanunez/.m2/repository/org/springframework/boot/spring-boot-test-autoconfigure/2.6.4/spring-boot-test-autoconfigure-2.6.4.jar:/Users/sergiocuencanunez/.m2/repository/com/jayway/jsonpath/json-path/2.6.0/json-path-2.6.0.jar:/Users/sergiocuencanunez/.m2/repository/net/minidev/json-smart/2.4.8/json-smart-2.4.8.jar:/Users/sergiocuencanunez/.m2/repository/net/minidev/accessors-smart/2.4.8/accessors-smart-2.4.8.jar:/Users/sergiocuencanunez/.m2/repository/org/ow2/asm/asm/9.1/asm-9.1.jar:/Users/sergiocuencanunez/.m2/repository/org/slf4j/slf4j-api/1.7.36/slf4j-api-1.7.36.jar:/Users/sergiocuencanunez/.m2/repository/jakarta/xml/bind/jakarta.xml.bind-api/2.3.3/jakarta.xml.bind-api-2.3.3.jar:/Users/sergiocuencanunez/.m2/repository/jakarta/activation/jakarta.activation-api/1.2.2/jakarta.activation-api-1.2.2.jar:/Users/sergiocuencanunez/.m2/repository/org/assertj/assertj-core/3.21.0/assertj-core-3.21.0.jar:/Users/sergiocuencanunez/.m2/repository/org/hamcrest/hamcrest/2.2/hamcrest-2.2.jar:/Users/sergiocuencanunez/.m2/repository/org/junit/jupiter/junit-jupiter/5.8.2/junit-jupiter-5.8.2.jar:/Users/sergiocuencanunez/.m2/repository/org/junit/jupiter/junit-jupiter-api/5.8.2/junit-jupiter-api-5.8.2.jar:/Users/sergiocuencanunez/.m2/repository/org/opentest4j/opentest4j/1.2.0/opentest4j-1.2.0.jar:/Users/sergiocuencanunez/.m2/repository/org/junit/platform/junit-platform-commons/1.8.2/junit-platform-commons-1.8.2.jar:/Users/sergiocuencanunez/.m2/repository/org/apiguardian/apiguardian-api/1.1.2/apiguardian-api-1.1.2.jar:/Users/sergiocuencanunez/.m2/repository/org/junit/jupiter/junit-jupiter-params/5.8.2/junit-jupiter-params-5.8.2.jar:/Users/sergiocuencanunez/.m2/repository/org/junit/jupiter/junit-jupiter-engine/5.8.2/junit-jupiter-engine-5.8.2.jar:/Users/sergiocuencanunez/.m2/repository/org/junit/platform/junit-platform-engine/1.8.2/junit-platform-engine-1.8.2.jar:/Users/sergiocuencanunez/.m2/repository/org/mockito/mockito-core/4.0.0/mockito-core-4.0.0.jar:/Users/sergiocuencanunez/.m2/repository/net/bytebuddy/byte-buddy/1.11.22/byte-buddy-1.11.22.jar:/Users/sergiocuencanunez/.m2/repository/net/bytebuddy/byte-buddy-agent/1.11.22/byte-buddy-agent-1.11.22.jar:/Users/sergiocuencanunez/.m2/repository/org/objenesis/objenesis/3.2/objenesis-3.2.jar:/Users/sergiocuencanunez/.m2/repository/org/mockito/mockito-junit-jupiter/4.0.0/mockito-junit-jupiter-4.0.0.jar:/Users/sergiocuencanunez/.m2/repository/org/skyscreamer/jsonassert/1.5.0/jsonassert-1.5.0.jar:/Users/sergiocuencanunez/.m2/repository/com/vaadin/external/google/android-json/0.0.20131108.vaadin1/android-json-0.0.20131108.vaadin1.jar:/Users/sergiocuencanunez/.m2/repository/org/springframework/spring-core/5.3.16/spring-core-5.3.16.jar:/Users/sergiocuencanunez/.m2/repository/org/springframework/spring-jcl/5.3.16/spring-jcl-5.3.16.jar:/Users/sergiocuencanunez/.m2/repository/org/springframework/spring-test/5.3.16/spring-test-5.3.16.jar:/Users/sergiocuencanunez/.m2/repository/org/xmlunit/xmlunit-core/2.8.4/xmlunit-core-2.8.4.jar:"/>
    <property name="sun.cpu.endian" value="little"/>
    <property name="user.home" value="/Users/sergiocuencanunez"/>
    <property name="user.language" value="es"/>
    <property name="java.specification.vendor" value="Oracle Corporation"/>
    <property name="java.version.date" value="2022-01-18"/>
    <property name="java.home" value="/Library/Java/JavaVirtualMachines/jdk-17.0.2.jdk/Contents/Home"/>
    <property name="file.separator" value="/"/>
    <property name="basedir" value="/Users/sergiocuencanunez/Documents/ICAI/3º GITT+BA/Asignaturas/2º Cuatrimestre/PAT | Programación de Aplicaciones Telemáticas/Prácticas/Práctica 6"/>
    <property name="java.vm.compressedOopsMode" value="Zero based"/>
    <property name="line.separator" value="&#10;"/>
    <property name="java.vm.specification.vendor" value="Oracle Corporation"/>
    <property name="java.specification.name" value="Java Platform API Specification"/>
    <property name="FILE_LOG_CHARSET" value="UTF-8"/>
    <property name="java.awt.headless" value="true"/>
    <property name="surefire.real.class.path" value="/Users/sergiocuencanunez/Documents/ICAI/3º GITT+BA/Asignaturas/2º Cuatrimestre/PAT | Programación de Aplicaciones Telemáticas/Prácticas/Práctica 6/target/surefire/surefirebooter1955879181458251741.jar"/>
    <property name="sun.management.compiler" value="HotSpot 64-Bit Tiered Compilers"/>
    <property name="ftp.nonProxyHosts" value="local|*.local|169.254/16|*.169.254/16"/>
    <property name="java.runtime.version" value="17.0.2+8-LTS-86"/>
    <property name="user.name" value="sergiocuencanunez"/>
    <property name="path.separator" value=":"/>
    <property name="os.version" value="12.3"/>
    <property name="java.runtime.name" value="Java(TM) SE Runtime Environment"/>
    <property name="file.encoding" value="UTF-8"/>
    <property name="spring.beaninfo.ignore" value="true"/>
    <property name="java.vm.name" value="Java HotSpot(TM) 64-Bit Server VM"/>
    <property name="localRepository" value="/Users/sergiocuencanunez/.m2/repository"/>
    <property name="java.vendor.url.bug" value="https://bugreport.java.com/bugreport/"/>
    <property name="java.io.tmpdir" value="/var/folders/ps/6sp6yv3x0ls96dst6g5f8sn00000gp/T/"/>
    <property name="catalina.home" value="/private/var/folders/ps/6sp6yv3x0ls96dst6g5f8sn00000gp/T/tomcat.0.12894596187291041169"/>
    <property name="java.version" value="17.0.2"/>
    <property name="user.dir" value="/Users/sergiocuencanunez/Documents/ICAI/3º GITT+BA/Asignaturas/2º Cuatrimestre/PAT | Programación de Aplicaciones Telemáticas/Prácticas/Práctica 6"/>
    <property name="os.arch" value="aarch64"/>
    <property name="java.vm.specification.name" value="Java Virtual Machine Specification"/>
    <property name="PID" value="53498"/>
    <property name="CONSOLE_LOG_CHARSET" value="UTF-8"/>
    <property name="catalina.base" value="/private/var/folders/ps/6sp6yv3x0ls96dst6g5f8sn00000gp/T/tomcat.0.12894596187291041169"/>
    <property name="native.encoding" value="UTF-8"/>
    <property name="java.library.path" value="/Users/sergiocuencanunez/Library/Java/Extensions:/Library/Java/Extensions:/Network/Library/Java/Extensions:/System/Library/Java/Extensions:/usr/lib/java:."/>
    <property name="java.vm.info" value="mixed mode, sharing"/>
    <property name="java.vendor" value="Oracle Corporation"/>
    <property name="java.vm.version" value="17.0.2+8-LTS-86"/>
    <property name="sun.io.unicode.encoding" value="UnicodeBig"/>
    <property name="socksNonProxyHosts" value="local|*.local|169.254/16|*.169.254/16"/>
    <property name="java.class.version" value="61.0"/>
  </properties>
  <testcase name="testing_process_data_legacy_then_ko" classname="com.icai.practicas.controller.ProcessControllerE2ETest" time="0.091">
    <system-out><![CDATA[2022-04-02 15:33:28.991  INFO 53498 --- [           main] .b.t.c.SpringBootTestContextBootstrapper : Neither @ContextConfiguration nor @ContextHierarchy found for test class [com.icai.practicas.controller.ProcessControllerE2ETest], using SpringBootContextLoader
2022-04-02 15:33:28.992  INFO 53498 --- [           main] o.s.t.c.support.AbstractContextLoader    : Could not detect default resource locations for test class [com.icai.practicas.controller.ProcessControllerE2ETest]: no resource found for suffixes {-context.xml, Context.groovy}.
2022-04-02 15:33:28.992  INFO 53498 --- [           main] t.c.s.AnnotationConfigContextLoaderUtils : Could not detect default configuration classes for test class [com.icai.practicas.controller.ProcessControllerE2ETest]: ProcessControllerE2ETest does not declare any static, non-private, non-final, nested classes annotated with @Configuration.
2022-04-02 15:33:28.996  INFO 53498 --- [           main] .b.t.c.SpringBootTestContextBootstrapper : Found @SpringBootConfiguration com.icai.practicas.MainApplication for test class com.icai.practicas.controller.ProcessControllerE2ETest
2022-04-02 15:33:28.996  INFO 53498 --- [           main] .b.t.c.SpringBootTestContextBootstrapper : Loaded default TestExecutionListener class names from location [META-INF/spring.factories]: [org.springframework.boot.test.mock.mockito.MockitoTestExecutionListener, org.springframework.boot.test.mock.mockito.ResetMocksTestExecutionListener, org.springframework.boot.test.autoconfigure.restdocs.RestDocsTestExecutionListener, org.springframework.boot.test.autoconfigure.web.client.MockRestServiceServerResetTestExecutionListener, org.springframework.boot.test.autoconfigure.web.servlet.MockMvcPrintOnlyOnFailureTestExecutionListener, org.springframework.boot.test.autoconfigure.web.servlet.WebDriverTestExecutionListener, org.springframework.boot.test.autoconfigure.webservices.client.MockWebServiceServerTestExecutionListener, org.springframework.test.context.web.ServletTestExecutionListener, org.springframework.test.context.support.DirtiesContextBeforeModesTestExecutionListener, org.springframework.test.context.event.ApplicationEventsTestExecutionListener, org.springframework.test.context.support.DependencyInjectionTestExecutionListener, org.springframework.test.context.support.DirtiesContextTestExecutionListener, org.springframework.test.context.transaction.TransactionalTestExecutionListener, org.springframework.test.context.jdbc.SqlScriptsTestExecutionListener, org.springframework.test.context.event.EventPublishingTestExecutionListener]
2022-04-02 15:33:28.997  INFO 53498 --- [           main] .b.t.c.SpringBootTestContextBootstrapper : Using TestExecutionListeners: [org.springframework.test.context.web.ServletTestExecutionListener@27b337bb, org.springframework.test.context.support.DirtiesContextBeforeModesTestExecutionListener@59636c47, org.springframework.test.context.event.ApplicationEventsTestExecutionListener@5c18d6d4, org.springframework.boot.test.mock.mockito.MockitoTestExecutionListener@6cbb175, org.springframework.boot.test.autoconfigure.SpringBootDependencyInjectionTestExecutionListener@38fb50f8, org.springframework.test.context.support.DirtiesContextTestExecutionListener@7ab802f4, org.springframework.test.context.event.EventPublishingTestExecutionListener@608cd501, org.springframework.boot.test.mock.mockito.ResetMocksTestExecutionListener@3b97907c, org.springframework.boot.test.autoconfigure.restdocs.RestDocsTestExecutionListener@59096b66, org.springframework.boot.test.autoconfigure.web.client.MockRestServiceServerResetTestExecutionListener@631c6d11, org.springframework.boot.test.autoconfigure.web.servlet.MockMvcPrintOnlyOnFailureTestExecutionListener@65be88ae, org.springframework.boot.test.autoconfigure.web.servlet.WebDriverTestExecutionListener@62ade015, org.springframework.boot.test.autoconfigure.webservices.client.MockWebServiceServerTestExecutionListener@70ede57d]

  .   ____          _            __ _ _
 /\\ / ___'_ __ _ _(_)_ __  __ _ \ \ \ \
( ( )\___ | '_ | '_| | '_ \/ _` | \ \ \ \
 \\/  ___)| |_)| | | | | || (_| |  ) ) ) )
  '  |____| .__|_| |_|_| |_\__, | / / / /
 =========|_|==============|___/=/_/_/_/
 :: Spring Boot ::                (v2.6.4)

2022-04-02 15:33:29.011  INFO 53498 --- [           main] c.i.p.c.ProcessControllerE2ETest         : Starting ProcessControllerE2ETest using Java 17.0.2 on MacBook-Pro-de-Apple.local with PID 53498 (started by sergiocuencanunez in /Users/sergiocuencanunez/Documents/ICAI/3º GITT+BA/Asignaturas/2º Cuatrimestre/PAT | Programación de Aplicaciones Telemáticas/Prácticas/Práctica 6)
2022-04-02 15:33:29.011 DEBUG 53498 --- [           main] c.i.p.c.ProcessControllerE2ETest         : Running with Spring Boot v2.6.4, Spring v5.3.16
2022-04-02 15:33:29.011  INFO 53498 --- [           main] c.i.p.c.ProcessControllerE2ETest         : No active profile set, falling back to 1 default profile: "default"
2022-04-02 15:33:29.162  INFO 53498 --- [           main] o.s.b.w.embedded.tomcat.TomcatWebServer  : Tomcat initialized with port(s): 0 (http)
2022-04-02 15:33:29.167  INFO 53498 --- [           main] o.apache.catalina.core.StandardService   : Starting service [Tomcat]
2022-04-02 15:33:29.167  INFO 53498 --- [           main] org.apache.catalina.core.StandardEngine  : Starting Servlet engine: [Apache Tomcat/9.0.58]
2022-04-02 15:33:29.203  INFO 53498 --- [           main] o.a.c.c.C.[Tomcat].[localhost].[/]       : Initializing Spring embedded WebApplicationContext
2022-04-02 15:33:29.203  INFO 53498 --- [           main] w.s.c.ServletWebServerApplicationContext : Root WebApplicationContext: initialization completed in 191 ms
2022-04-02 15:33:29.285  INFO 53498 --- [           main] o.s.b.a.w.s.WelcomePageHandlerMapping    : Adding welcome page: class path resource [static/index.html]
2022-04-02 15:33:29.345  INFO 53498 --- [           main] o.s.b.w.embedded.tomcat.TomcatWebServer  : Tomcat started on port(s): 59326 (http) with context path ''
2022-04-02 15:33:29.347  INFO 53498 --- [           main] c.i.p.c.ProcessControllerE2ETest         : Started ProcessControllerE2ETest in 0.349 seconds (JVM running for 1.641)
2022-04-02 15:33:29.391  INFO 53498 --- [o-auto-1-exec-1] o.a.c.c.C.[Tomcat].[localhost].[/]       : Initializing Spring DispatcherServlet 'dispatcherServlet'
2022-04-02 15:33:29.391  INFO 53498 --- [o-auto-1-exec-1] o.s.web.servlet.DispatcherServlet        : Initializing Servlet 'dispatcherServlet'
2022-04-02 15:33:29.392  INFO 53498 --- [o-auto-1-exec-1] o.s.web.servlet.DispatcherServlet        : Completed initialization in 1 ms
2022-04-02 15:33:29.410  INFO 53498 --- [o-auto-1-exec-1] c.i.p.controller.ProcessController       : Procesando request en el endpoint Legacy
2022-04-02 15:33:29.410  INFO 53498 --- [o-auto-1-exec-1] c.i.p.service.impl.ProcessServiceImpl    : Procesando datos del formulario:
2022-04-02 15:33:29.410 TRACE 53498 --- [o-auto-1-exec-1] c.i.p.service.impl.ProcessServiceImpl    : 749GR7820 Resultado: false
2022-04-02 15:33:29.411 TRACE 53498 --- [o-auto-1-exec-1] c.i.p.service.impl.ProcessServiceImpl    : +65430456 Resultado: false
2022-04-02 15:33:29.411  INFO 53498 --- [o-auto-1-exec-1] c.i.p.service.impl.ProcessServiceImpl    : Procesamiento incorrecto
]]></system-out>
  </testcase>
  <testcase name="testing_process_data_legacy_then_ok" classname="com.icai.practicas.controller.ProcessControllerE2ETest" time="0.006">
    <system-out><![CDATA[2022-04-02 15:33:29.444  INFO 53498 --- [o-auto-1-exec-2] c.i.p.controller.ProcessController       : Procesando request en el endpoint Legacy
2022-04-02 15:33:29.445  INFO 53498 --- [o-auto-1-exec-2] c.i.p.service.impl.ProcessServiceImpl    : Procesando datos del formulario:
2022-04-02 15:33:29.445 TRACE 53498 --- [o-auto-1-exec-2] c.i.p.service.impl.ProcessServiceImpl    : 28733194F Resultado: true
2022-04-02 15:33:29.445 TRACE 53498 --- [o-auto-1-exec-2] c.i.p.service.impl.ProcessServiceImpl    : +34 645889302 Resultado: true
2022-04-02 15:33:29.445  INFO 53498 --- [o-auto-1-exec-2] c.i.p.service.impl.ProcessServiceImpl    : Procesamiento correcto
]]></system-out>
  </testcase>
  <testcase name="testing_process_data_then_ko" classname="com.icai.practicas.controller.ProcessControllerE2ETest" time="0.073">
    <system-out><![CDATA[2022-04-02 15:33:29.511  INFO 53498 --- [o-auto-1-exec-3] c.i.p.controller.ProcessController       : Procesando request en el endpoint
2022-04-02 15:33:29.511  INFO 53498 --- [o-auto-1-exec-3] c.i.p.service.impl.ProcessServiceImpl    : Procesando datos del formulario:
2022-04-02 15:33:29.511 TRACE 53498 --- [o-auto-1-exec-3] c.i.p.service.impl.ProcessServiceImpl    : 749GR7820 Resultado: false
2022-04-02 15:33:29.511 TRACE 53498 --- [o-auto-1-exec-3] c.i.p.service.impl.ProcessServiceImpl    : +65430456 Resultado: false
2022-04-02 15:33:29.511  INFO 53498 --- [o-auto-1-exec-3] c.i.p.service.impl.ProcessServiceImpl    : Procesamiento incorrecto
]]></system-out>
  </testcase>
  <testcase name="testing_process_data_then_ok" classname="com.icai.practicas.controller.ProcessControllerE2ETest" time="0.004">
    <system-out><![CDATA[2022-04-02 15:33:29.524  INFO 53498 --- [o-auto-1-exec-4] c.i.p.controller.ProcessController       : Procesando request en el endpoint
2022-04-02 15:33:29.524  INFO 53498 --- [o-auto-1-exec-4] c.i.p.service.impl.ProcessServiceImpl    : Procesando datos del formulario:
2022-04-02 15:33:29.524 TRACE 53498 --- [o-auto-1-exec-4] c.i.p.service.impl.ProcessServiceImpl    : 28733194F Resultado: true
2022-04-02 15:33:29.524 TRACE 53498 --- [o-auto-1-exec-4] c.i.p.service.impl.ProcessServiceImpl    : +34 645889302 Resultado: true
2022-04-02 15:33:29.524  INFO 53498 --- [o-auto-1-exec-4] c.i.p.service.impl.ProcessServiceImpl    : Procesamiento correcto
]]></system-out>
  </testcase>
</testsuite>